DEPRECATION WARNING: Single arity template handlers are deprecated. Template handlers must
now accept two parameters, the view object and the source for the view object.
Change:
  >> JbuilderHandler.call(template)
To:
  >> JbuilderHandler.call(template, source)
 (called from <top (required)> at /home/hp/workspace/my_2020_projects/railstagram/config/environment.rb:5)
DEPRECATION WARNING: Single arity template handlers are deprecated. Template handlers must
now accept two parameters, the view object and the source for the view object.
Change:
  >> JbuilderHandler.call(template)
To:
  >> JbuilderHandler.call(template, source)
 (called from <top (required)> at /home/hp/workspace/my_2020_projects/railstagram/config/environment.rb:5)
DEPRECATION WARNING: Single arity template handlers are deprecated. Template handlers must
now accept two parameters, the view object and the source for the view object.
Change:
  >> JbuilderHandler.call(template)
To:
  >> JbuilderHandler.call(template, source)
 (called from <top (required)> at /home/hp/workspace/my_2020_projects/railstagram/config/environment.rb:5)
DEPRECATION WARNING: Single arity template handlers are deprecated. Template handlers must
now accept two parameters, the view object and the source for the view object.
Change:
  >> JbuilderHandler.call(template)
To:
  >> JbuilderHandler.call(template, source)
 (called from <top (required)> at /home/hp/workspace/my_2020_projects/railstagram/config/environment.rb:5)
DEPRECATION WARNING: Single arity template handlers are deprecated. Template handlers must
now accept two parameters, the view object and the source for the view object.
Change:
  >> JbuilderHandler.call(template)
To:
  >> JbuilderHandler.call(template, source)
 (called from <top (required)> at /home/hp/workspace/my_2020_projects/railstagram/config/environment.rb:5)
DEPRECATION WARNING: Single arity template handlers are deprecated. Template handlers must
now accept two parameters, the view object and the source for the view object.
Change:
  >> JbuilderHandler.call(template)
To:
  >> JbuilderHandler.call(template, source)
 (called from <top (required)> at /home/hp/workspace/my_2020_projects/railstagram/config/environment.rb:5)
  [1m[35m (0.9ms)[0m  [1m[35mCREATE DATABASE "railstagram_development" ENCODING = 'unicode'[0m
DEPRECATION WARNING: Single arity template handlers are deprecated. Template handlers must
now accept two parameters, the view object and the source for the view object.
Change:
  >> JbuilderHandler.call(template)
To:
  >> JbuilderHandler.call(template, source)
 (called from <top (required)> at /home/hp/workspace/my_2020_projects/railstagram/config/environment.rb:5)
  [1m[35m (122.2ms)[0m  [1m[35mCREATE TABLE "schema_migrations" ("version" character varying NOT NULL PRIMARY KEY)[0m
  [1m[35m (75.8ms)[0m  [1m[35mCREATE TABLE "ar_internal_metadata" ("key" character varying NOT NULL PRIMARY KEY, "value" character varying, "created_at" timestamp(6) NOT NULL, "updated_at" timestamp(6) NOT NULL)[0m
  [1m[35m (0.3ms)[0m  [1m[34mSELECT pg_try_advisory_lock(7283773819021319865)[0m
  [1m[35m (0.6ms)[0m  [1m[34mSELECT "schema_migrations"."version" FROM "schema_migrations" ORDER BY "schema_migrations"."version" ASC[0m
Migrating to DeviseCreateUsers (20190425053230)
  [1m[35m (0.2ms)[0m  [1m[35mBEGIN[0m
  [1m[35m (121.2ms)[0m  [1m[35mCREATE TABLE "users" ("id" bigserial primary key, "email" character varying DEFAULT '' NOT NULL, "encrypted_password" character varying DEFAULT '' NOT NULL, "reset_password_token" character varying, "reset_password_sent_at" timestamp, "remember_created_at" timestamp, "created_at" timestamp(6) NOT NULL, "updated_at" timestamp(6) NOT NULL)[0m
  [1m[35m (42.3ms)[0m  [1m[35mCREATE UNIQUE INDEX  "index_users_on_email" ON "users"  ("email")[0m
  [1m[35m (30.4ms)[0m  [1m[35mCREATE UNIQUE INDEX  "index_users_on_reset_password_token" ON "users"  ("reset_password_token")[0m
  [1m[36mActiveRecord::SchemaMigration Create (1.5ms)[0m  [1m[32mINSERT INTO "schema_migrations" ("version") VALUES ($1) RETURNING "version"[0m  [["version", "20190425053230"]]
  [1m[35m (8.8ms)[0m  [1m[35mCOMMIT[0m
Migrating to AddAttributesToUsers (20190425130422)
  [1m[35m (0.4ms)[0m  [1m[35mBEGIN[0m
  [1m[35m (0.6ms)[0m  [1m[35mALTER TABLE "users" ADD "full_name" character varying[0m
  [1m[35m (0.4ms)[0m  [1m[35mALTER TABLE "users" ADD "username" character varying[0m
  [1m[35m (35.6ms)[0m  [1m[35mCREATE UNIQUE INDEX  "index_users_on_username" ON "users"  ("username")[0m
  [1m[35m (0.3ms)[0m  [1m[35mALTER TABLE "users" ADD "about" text[0m
  [1m[36mActiveRecord::SchemaMigration Create (0.3ms)[0m  [1m[32mINSERT INTO "schema_migrations" ("version") VALUES ($1) RETURNING "version"[0m  [["version", "20190425130422"]]
  [1m[35m (10.8ms)[0m  [1m[35mCOMMIT[0m
Migrating to CreateFollows (20190425220234)
  [1m[35m (0.3ms)[0m  [1m[35mBEGIN[0m
  [1m[35m (36.8ms)[0m  [1m[35mCREATE TABLE "follows" ("id" bigserial primary key, "following_id" integer NOT NULL, "follower_id" integer NOT NULL, "created_at" timestamp(6) NOT NULL, "updated_at" timestamp(6) NOT NULL)[0m
  [1m[35m (29.6ms)[0m  [1m[35mCREATE  INDEX  "index_follows_on_following_id" ON "follows"  ("following_id")[0m
  [1m[35m (29.5ms)[0m  [1m[35mCREATE  INDEX  "index_follows_on_follower_id" ON "follows"  ("follower_id")[0m
  [1m[35m (41.4ms)[0m  [1m[35mCREATE UNIQUE INDEX  "index_follows_on_following_id_and_follower_id" ON "follows"  ("following_id", "follower_id")[0m
  [1m[36mActiveRecord::SchemaMigration Create (0.4ms)[0m  [1m[32mINSERT INTO "schema_migrations" ("version") VALUES ($1) RETURNING "version"[0m  [["version", "20190425220234"]]
  [1m[35m (5.8ms)[0m  [1m[35mCOMMIT[0m
Migrating to AddFollowCountersToUsers (20190426012742)
  [1m[35m (0.3ms)[0m  [1m[35mBEGIN[0m
  [1m[35m (173.4ms)[0m  [1m[35mALTER TABLE "users" ADD "followers_count" integer DEFAULT 0 NOT NULL[0m
  [1m[35m (144.3ms)[0m  [1m[35mALTER TABLE "users" ADD "followings_count" integer DEFAULT 0 NOT NULL[0m
  [1m[36mActiveRecord::SchemaMigration Create (0.4ms)[0m  [1m[32mINSERT INTO "schema_migrations" ("version") VALUES ($1) RETURNING "version"[0m  [["version", "20190426012742"]]
  [1m[35m (7.6ms)[0m  [1m[35mCOMMIT[0m
  [1m[36mActiveRecord::InternalMetadata Load (0.8ms)[0m  [1m[34mSELECT "ar_internal_metadata".* FROM "ar_internal_metadata" WHERE "ar_internal_metadata"."key" = $1 LIMIT $2[0m  [["key", "environment"], ["LIMIT", 1]]
  [1m[35m (0.3ms)[0m  [1m[35mBEGIN[0m
  [1m[36mActiveRecord::InternalMetadata Create (0.6ms)[0m  [1m[32mINSERT INTO "ar_internal_metadata" ("key", "value", "created_at", "updated_at") VALUES ($1, $2, $3, $4) RETURNING "key"[0m  [["key", "environment"], ["value", "development"], ["created_at", "2020-01-31 23:19:57.658228"], ["updated_at", "2020-01-31 23:19:57.658228"]]
  [1m[35m (33.0ms)[0m  [1m[35mCOMMIT[0m
  [1m[35m (0.5ms)[0m  [1m[34mSELECT pg_advisory_unlock(7283773819021319865)[0m
  [1m[35m (0.5ms)[0m  [1m[34mSELECT "schema_migrations"."version" FROM "schema_migrations" ORDER BY "schema_migrations"."version" ASC[0m
  [1m[35m (0.3ms)[0m  [1m[34mSELECT "schema_migrations"."version" FROM "schema_migrations" ORDER BY "schema_migrations"."version" ASC[0m
DEPRECATION WARNING: Single arity template handlers are deprecated. Template handlers must
now accept two parameters, the view object and the source for the view object.
Change:
  >> JbuilderHandler.call(template)
To:
  >> JbuilderHandler.call(template, source)
 (called from <top (required)> at /home/hp/workspace/my_2020_projects/railstagram/config/environment.rb:5)
  [1m[35m (0.6ms)[0m  [1m[34mSELECT "schema_migrations"."version" FROM "schema_migrations" ORDER BY "schema_migrations"."version" ASC[0m
DEPRECATION WARNING: Single arity template handlers are deprecated. Template handlers must
now accept two parameters, the view object and the source for the view object.
Change:
  >> JbuilderHandler.call(template)
To:
  >> JbuilderHandler.call(template, source)
 (called from <top (required)> at /home/hp/workspace/my_2020_projects/railstagram/config/environment.rb:5)
  [1m[36mUser Load (0.5ms)[0m  [1m[34mSELECT "users".* FROM "users" ORDER BY "users"."id" DESC LIMIT $1[0m  [["LIMIT", 1]]
